Mensaje I / 00:00:00:000 / Root(00) para top(01)
Mensaje I / 00:00:00:000 / top(01) para accesscontrol(02)
Mensaje D / 00:00:00:000 / accesscontrol(02) / ... para top(01)
Mensaje D / 00:00:00:000 / top(01) / ... para Root(00)
Mensaje X / 00:00:05:000 / Root(00) / maxvalidid /     12.00000 para top(01)
Mensaje X / 00:00:05:000 / top(01) / maxvalidid /     12.00000 para accesscontrol(02)
Mensaje D / 00:00:05:000 / accesscontrol(02) / ... para top(01)
Mensaje D / 00:00:05:000 / top(01) / ... para Root(00)
Mensaje X / 00:00:10:000 / Root(00) / id /     11.00000 para top(01)
Mensaje X / 00:00:10:000 / top(01) / id /     11.00000 para accesscontrol(02)
Mensaje D / 00:00:10:000 / accesscontrol(02) / 00:00:00:000 para top(01)
Mensaje D / 00:00:10:000 / top(01) / 00:00:00:000 para Root(00)
Mensaje * / 00:00:10:000 / Root(00) para top(01)
Mensaje * / 00:00:10:000 / top(01) para accesscontrol(02)
Mensaje Y / 00:00:10:000 / accesscontrol(02) / rand /     98.00000 para top(01)
Mensaje Y / 00:00:10:000 / accesscontrol(02) / sres_1 /    109.00000 para top(01)
Mensaje D / 00:00:10:000 / accesscontrol(02) / ... para top(01)
Mensaje Y / 00:00:10:000 / top(01) / rand /     98.00000 para Root(00)
Mensaje Y / 00:00:10:000 / top(01) / sres_1 /    109.00000 para Root(00)
Mensaje D / 00:00:10:000 / top(01) / ... para Root(00)
Mensaje X / 00:00:30:000 / Root(00) / id /     25.00000 para top(01)
Mensaje X / 00:00:30:000 / top(01) / id /     25.00000 para accesscontrol(02)
Mensaje D / 00:00:30:000 / accesscontrol(02) / 00:00:00:000 para top(01)
Mensaje D / 00:00:30:000 / top(01) / 00:00:00:000 para Root(00)
Mensaje * / 00:00:30:000 / Root(00) para top(01)
Mensaje * / 00:00:30:000 / top(01) para accesscontrol(02)
Mensaje Y / 00:00:30:000 / accesscontrol(02) / rand /     20.00000 para top(01)
Mensaje Y / 00:00:30:000 / accesscontrol(02) / sres_1 /      0.00000 para top(01)
Mensaje D / 00:00:30:000 / accesscontrol(02) / ... para top(01)
Mensaje Y / 00:00:30:000 / top(01) / rand /     20.00000 para Root(00)
Mensaje Y / 00:00:30:000 / top(01) / sres_1 /      0.00000 para Root(00)
Mensaje D / 00:00:30:000 / top(01) / ... para Root(00)
Mensaje X / 00:00:45:000 / Root(00) / maxvalidid /     50.00000 para top(01)
Mensaje X / 00:00:45:000 / top(01) / maxvalidid /     50.00000 para accesscontrol(02)
Mensaje D / 00:00:45:000 / accesscontrol(02) / ... para top(01)
Mensaje D / 00:00:45:000 / top(01) / ... para Root(00)
Mensaje X / 00:00:52:000 / Root(00) / id /     10.00000 para top(01)
Mensaje X / 00:00:52:000 / top(01) / id /     10.00000 para accesscontrol(02)
Mensaje D / 00:00:52:000 / accesscontrol(02) / 00:00:00:000 para top(01)
Mensaje D / 00:00:52:000 / top(01) / 00:00:00:000 para Root(00)
Mensaje * / 00:00:52:000 / Root(00) para top(01)
Mensaje * / 00:00:52:000 / top(01) para accesscontrol(02)
Mensaje Y / 00:00:52:000 / accesscontrol(02) / rand /      4.00000 para top(01)
Mensaje Y / 00:00:52:000 / accesscontrol(02) / sres_1 /     14.00000 para top(01)
Mensaje D / 00:00:52:000 / accesscontrol(02) / ... para top(01)
Mensaje Y / 00:00:52:000 / top(01) / rand /      4.00000 para Root(00)
Mensaje Y / 00:00:52:000 / top(01) / sres_1 /     14.00000 para Root(00)
Mensaje D / 00:00:52:000 / top(01) / ... para Root(00)
Mensaje X / 00:01:25:000 / Root(00) / id /     40.00000 para top(01)
Mensaje X / 00:01:25:000 / top(01) / id /     40.00000 para accesscontrol(02)
Mensaje D / 00:01:25:000 / accesscontrol(02) / 00:00:00:000 para top(01)
Mensaje D / 00:01:25:000 / top(01) / 00:00:00:000 para Root(00)
Mensaje * / 00:01:25:000 / Root(00) para top(01)
Mensaje * / 00:01:25:000 / top(01) para accesscontrol(02)
Mensaje Y / 00:01:25:000 / accesscontrol(02) / rand /    103.00000 para top(01)
Mensaje Y / 00:01:25:000 / accesscontrol(02) / sres_1 /    143.00000 para top(01)
Mensaje D / 00:01:25:000 / accesscontrol(02) / ... para top(01)
Mensaje Y / 00:01:25:000 / top(01) / rand /    103.00000 para Root(00)
Mensaje Y / 00:01:25:000 / top(01) / sres_1 /    143.00000 para Root(00)
Mensaje D / 00:01:25:000 / top(01) / ... para Root(00)
Mensaje X / 00:01:35:000 / Root(00) / maxvalidid /     19.00000 para top(01)
Mensaje X / 00:01:35:000 / top(01) / maxvalidid /     19.00000 para accesscontrol(02)
Mensaje D / 00:01:35:000 / accesscontrol(02) / ... para top(01)
Mensaje D / 00:01:35:000 / top(01) / ... para Root(00)
Mensaje X / 00:01:55:000 / Root(00) / id /     50.00000 para top(01)
Mensaje X / 00:01:55:000 / top(01) / id /     50.00000 para accesscontrol(02)
Mensaje D / 00:01:55:000 / accesscontrol(02) / 00:00:00:000 para top(01)
Mensaje D / 00:01:55:000 / top(01) / 00:00:00:000 para Root(00)
Mensaje * / 00:01:55:000 / Root(00) para top(01)
Mensaje * / 00:01:55:000 / top(01) para accesscontrol(02)
Mensaje Y / 00:01:55:000 / accesscontrol(02) / rand /     18.00000 para top(01)
Mensaje Y / 00:01:55:000 / accesscontrol(02) / sres_1 /      0.00000 para top(01)
Mensaje D / 00:01:55:000 / accesscontrol(02) / ... para top(01)
Mensaje Y / 00:01:55:000 / top(01) / rand /     18.00000 para Root(00)
Mensaje Y / 00:01:55:000 / top(01) / sres_1 /      0.00000 para Root(00)
Mensaje D / 00:01:55:000 / top(01) / ... para Root(00)
Mensaje X / 00:02:00:000 / Root(00) / id /     19.00000 para top(01)
Mensaje X / 00:02:00:000 / top(01) / id /     19.00000 para accesscontrol(02)
Mensaje D / 00:02:00:000 / accesscontrol(02) / 00:00:00:000 para top(01)
Mensaje D / 00:02:00:000 / top(01) / 00:00:00:000 para Root(00)
Mensaje * / 00:02:00:000 / Root(00) para top(01)
Mensaje * / 00:02:00:000 / top(01) para accesscontrol(02)
Mensaje Y / 00:02:00:000 / accesscontrol(02) / rand /    116.00000 para top(01)
Mensaje Y / 00:02:00:000 / accesscontrol(02) / sres_1 /    135.00000 para top(01)
Mensaje D / 00:02:00:000 / accesscontrol(02) / ... para top(01)
Mensaje Y / 00:02:00:000 / top(01) / rand /    116.00000 para Root(00)
Mensaje Y / 00:02:00:000 / top(01) / sres_1 /    135.00000 para Root(00)
Mensaje D / 00:02:00:000 / top(01) / ... para Root(00)
