Mensaje I / 00:00:00:000 / Root(00) para top(01)
Mensaje I / 00:00:00:000 / top(01) para simcard(02)
Mensaje I / 00:00:00:000 / top(01) para mobilenetwork(03)
Mensaje D / 00:00:00:000 / simcard(02) / ... para top(01)
Mensaje I / 00:00:00:000 / mobilenetwork(03) para accesscontrol(04)
Mensaje I / 00:00:00:000 / mobilenetwork(03) para mobileswitchingcenter(05)
Mensaje D / 00:00:00:000 / accesscontrol(04) / ... para mobilenetwork(03)
Mensaje D / 00:00:00:000 / mobileswitchingcenter(05) / ... para mobilenetwork(03)
Mensaje D / 00:00:00:000 / mobilenetwork(03) / ... para top(01)
Mensaje D / 00:00:00:000 / top(01) / ... para Root(00)
Mensaje X / 00:00:10:000 / Root(00) / maxvalidid /     27.00000 para top(01)
Mensaje X / 00:00:10:000 / top(01) / maxvalidid /     27.00000 para mobilenetwork(03)
Mensaje X / 00:00:10:000 / mobilenetwork(03) / maxvalidid /     27.00000 para accesscontrol(04)
Mensaje D / 00:00:10:000 / accesscontrol(04) / ... para mobilenetwork(03)
Mensaje D / 00:00:10:000 / mobilenetwork(03) / ... para top(01)
Mensaje D / 00:00:10:000 / top(01) / ... para Root(00)
Mensaje X / 00:00:15:000 / Root(00) / on /     25.00000 para top(01)
Mensaje X / 00:00:15:000 / top(01) / on /     25.00000 para simcard(02)
Mensaje D / 00:00:15:000 / simcard(02) / 00:00:03:000 para top(01)
Mensaje D / 00:00:15:000 / top(01) / 00:00:03:000 para Root(00)
Mensaje * / 00:00:18:000 / Root(00) para top(01)
Mensaje * / 00:00:18:000 / top(01) para simcard(02)
Mensaje Y / 00:00:18:000 / simcard(02) / id /     25.00000 para top(01)
Mensaje D / 00:00:18:000 / simcard(02) / ... para top(01)
Mensaje X / 00:00:18:000 / top(01) / id /     25.00000 para mobilenetwork(03)
Mensaje X / 00:00:18:000 / mobilenetwork(03) / id /     25.00000 para accesscontrol(04)
Mensaje D / 00:00:18:000 / accesscontrol(04) / 00:00:00:000 para mobilenetwork(03)
Mensaje D / 00:00:18:000 / mobilenetwork(03) / 00:00:00:000 para top(01)
Mensaje D / 00:00:18:000 / top(01) / 00:00:00:000 para Root(00)
Mensaje * / 00:00:18:000 / Root(00) para top(01)
Mensaje * / 00:00:18:000 / top(01) para mobilenetwork(03)
Mensaje * / 00:00:18:000 / mobilenetwork(03) para accesscontrol(04)
Mensaje Y / 00:00:18:000 / accesscontrol(04) / rand /     98.00000 para mobilenetwork(03)
Mensaje Y / 00:00:18:000 / accesscontrol(04) / sres_1 /    123.00000 para mobilenetwork(03)
Mensaje D / 00:00:18:000 / accesscontrol(04) / ... para mobilenetwork(03)
Mensaje Y / 00:00:18:000 / mobilenetwork(03) / rand /     98.00000 para top(01)
Mensaje X / 00:00:18:000 / mobilenetwork(03) / sres_1 /    123.00000 para mobileswitchingcenter(05)
Mensaje X / 00:00:18:000 / top(01) / rand /     98.00000 para simcard(02)
Mensaje D / 00:00:18:000 / mobileswitchingcenter(05) / ... para mobilenetwork(03)
Mensaje D / 00:00:18:000 / simcard(02) / 00:00:03:000 para top(01)
Mensaje D / 00:00:18:000 / mobilenetwork(03) / ... para top(01)
Mensaje D / 00:00:18:000 / top(01) / 00:00:03:000 para Root(00)
Mensaje * / 00:00:21:000 / Root(00) para top(01)
Mensaje * / 00:00:21:000 / top(01) para simcard(02)
Mensaje Y / 00:00:21:000 / simcard(02) / sres_2 /    123.00000 para top(01)
Mensaje D / 00:00:21:000 / simcard(02) / ... para top(01)
Mensaje X / 00:00:21:000 / top(01) / sres_2 /    123.00000 para mobilenetwork(03)
Mensaje X / 00:00:21:000 / mobilenetwork(03) / sres_2 /    123.00000 para mobileswitchingcenter(05)
Mensaje D / 00:00:21:000 / mobileswitchingcenter(05) / 00:00:00:000 para mobilenetwork(03)
Mensaje D / 00:00:21:000 / mobilenetwork(03) / 00:00:00:000 para top(01)
Mensaje D / 00:00:21:000 / top(01) / 00:00:00:000 para Root(00)
Mensaje * / 00:00:21:000 / Root(00) para top(01)
Mensaje * / 00:00:21:000 / top(01) para mobilenetwork(03)
Mensaje * / 00:00:21:000 / mobilenetwork(03) para mobileswitchingcenter(05)
Mensaje Y / 00:00:21:000 / mobileswitchingcenter(05) / ok /      1.00000 para mobilenetwork(03)
Mensaje D / 00:00:21:000 / mobileswitchingcenter(05) / ... para mobilenetwork(03)
Mensaje Y / 00:00:21:000 / mobilenetwork(03) / ok /      1.00000 para top(01)
Mensaje D / 00:00:21:000 / mobilenetwork(03) / ... para top(01)
Mensaje Y / 00:00:21:000 / top(01) / ok /      1.00000 para Root(00)
Mensaje D / 00:00:21:000 / top(01) / ... para Root(00)
Mensaje X / 00:00:25:000 / Root(00) / on /     45.00000 para top(01)
Mensaje X / 00:00:25:000 / top(01) / on /     45.00000 para simcard(02)
Mensaje D / 00:00:25:000 / simcard(02) / 00:00:03:000 para top(01)
Mensaje D / 00:00:25:000 / top(01) / 00:00:03:000 para Root(00)
Mensaje * / 00:00:28:000 / Root(00) para top(01)
Mensaje * / 00:00:28:000 / top(01) para simcard(02)
Mensaje Y / 00:00:28:000 / simcard(02) / id /     45.00000 para top(01)
Mensaje D / 00:00:28:000 / simcard(02) / ... para top(01)
Mensaje X / 00:00:28:000 / top(01) / id /     45.00000 para mobilenetwork(03)
Mensaje X / 00:00:28:000 / mobilenetwork(03) / id /     45.00000 para accesscontrol(04)
Mensaje D / 00:00:28:000 / accesscontrol(04) / 00:00:00:000 para mobilenetwork(03)
Mensaje D / 00:00:28:000 / mobilenetwork(03) / 00:00:00:000 para top(01)
Mensaje D / 00:00:28:000 / top(01) / 00:00:00:000 para Root(00)
Mensaje * / 00:00:28:000 / Root(00) para top(01)
Mensaje * / 00:00:28:000 / top(01) para mobilenetwork(03)
Mensaje * / 00:00:28:000 / mobilenetwork(03) para accesscontrol(04)
Mensaje Y / 00:00:28:000 / accesscontrol(04) / rand /     20.00000 para mobilenetwork(03)
Mensaje Y / 00:00:28:000 / accesscontrol(04) / sres_1 /      0.00000 para mobilenetwork(03)
Mensaje D / 00:00:28:000 / accesscontrol(04) / ... para mobilenetwork(03)
Mensaje Y / 00:00:28:000 / mobilenetwork(03) / rand /     20.00000 para top(01)
Mensaje X / 00:00:28:000 / mobilenetwork(03) / sres_1 /      0.00000 para mobileswitchingcenter(05)
Mensaje X / 00:00:28:000 / top(01) / rand /     20.00000 para simcard(02)
Mensaje D / 00:00:28:000 / mobileswitchingcenter(05) / ... para mobilenetwork(03)
Mensaje D / 00:00:28:000 / simcard(02) / 00:00:03:000 para top(01)
Mensaje D / 00:00:28:000 / mobilenetwork(03) / ... para top(01)
Mensaje D / 00:00:28:000 / top(01) / 00:00:03:000 para Root(00)
Mensaje * / 00:00:31:000 / Root(00) para top(01)
Mensaje * / 00:00:31:000 / top(01) para simcard(02)
Mensaje Y / 00:00:31:000 / simcard(02) / sres_2 /     65.00000 para top(01)
Mensaje D / 00:00:31:000 / simcard(02) / ... para top(01)
Mensaje X / 00:00:31:000 / top(01) / sres_2 /     65.00000 para mobilenetwork(03)
Mensaje X / 00:00:31:000 / mobilenetwork(03) / sres_2 /     65.00000 para mobileswitchingcenter(05)
Mensaje D / 00:00:31:000 / mobileswitchingcenter(05) / 00:00:00:000 para mobilenetwork(03)
Mensaje D / 00:00:31:000 / mobilenetwork(03) / 00:00:00:000 para top(01)
Mensaje D / 00:00:31:000 / top(01) / 00:00:00:000 para Root(00)
Mensaje * / 00:00:31:000 / Root(00) para top(01)
Mensaje * / 00:00:31:000 / top(01) para mobilenetwork(03)
Mensaje * / 00:00:31:000 / mobilenetwork(03) para mobileswitchingcenter(05)
Mensaje Y / 00:00:31:000 / mobileswitchingcenter(05) / ok /      0.00000 para mobilenetwork(03)
Mensaje D / 00:00:31:000 / mobileswitchingcenter(05) / ... para mobilenetwork(03)
Mensaje Y / 00:00:31:000 / mobilenetwork(03) / ok /      0.00000 para top(01)
Mensaje D / 00:00:31:000 / mobilenetwork(03) / ... para top(01)
Mensaje Y / 00:00:31:000 / top(01) / ok /      0.00000 para Root(00)
Mensaje D / 00:00:31:000 / top(01) / ... para Root(00)
Mensaje X / 00:00:35:000 / Root(00) / on /     15.00000 para top(01)
Mensaje X / 00:00:35:000 / top(01) / on /     15.00000 para simcard(02)
Mensaje D / 00:00:35:000 / simcard(02) / 00:00:03:000 para top(01)
Mensaje D / 00:00:35:000 / top(01) / 00:00:03:000 para Root(00)
Mensaje * / 00:00:38:000 / Root(00) para top(01)
Mensaje * / 00:00:38:000 / top(01) para simcard(02)
Mensaje Y / 00:00:38:000 / simcard(02) / id /     15.00000 para top(01)
Mensaje D / 00:00:38:000 / simcard(02) / ... para top(01)
Mensaje X / 00:00:38:000 / top(01) / id /     15.00000 para mobilenetwork(03)
Mensaje X / 00:00:38:000 / mobilenetwork(03) / id /     15.00000 para accesscontrol(04)
Mensaje D / 00:00:38:000 / accesscontrol(04) / 00:00:00:000 para mobilenetwork(03)
Mensaje D / 00:00:38:000 / mobilenetwork(03) / 00:00:00:000 para top(01)
Mensaje D / 00:00:38:000 / top(01) / 00:00:00:000 para Root(00)
Mensaje * / 00:00:38:000 / Root(00) para top(01)
Mensaje * / 00:00:38:000 / top(01) para mobilenetwork(03)
Mensaje * / 00:00:38:000 / mobilenetwork(03) para accesscontrol(04)
Mensaje Y / 00:00:38:000 / accesscontrol(04) / rand /      4.00000 para mobilenetwork(03)
Mensaje Y / 00:00:38:000 / accesscontrol(04) / sres_1 /     19.00000 para mobilenetwork(03)
Mensaje D / 00:00:38:000 / accesscontrol(04) / ... para mobilenetwork(03)
Mensaje Y / 00:00:38:000 / mobilenetwork(03) / rand /      4.00000 para top(01)
Mensaje X / 00:00:38:000 / mobilenetwork(03) / sres_1 /     19.00000 para mobileswitchingcenter(05)
Mensaje X / 00:00:38:000 / top(01) / rand /      4.00000 para simcard(02)
Mensaje D / 00:00:38:000 / mobileswitchingcenter(05) / ... para mobilenetwork(03)
Mensaje D / 00:00:38:000 / simcard(02) / 00:00:03:000 para top(01)
Mensaje D / 00:00:38:000 / mobilenetwork(03) / ... para top(01)
Mensaje D / 00:00:38:000 / top(01) / 00:00:03:000 para Root(00)
Mensaje X / 00:00:40:000 / Root(00) / maxvalidid /      5.00000 para top(01)
Mensaje X / 00:00:40:000 / top(01) / maxvalidid /      5.00000 para mobilenetwork(03)
Mensaje X / 00:00:40:000 / mobilenetwork(03) / maxvalidid /      5.00000 para accesscontrol(04)
Mensaje D / 00:00:40:000 / accesscontrol(04) / ... para mobilenetwork(03)
Mensaje D / 00:00:40:000 / mobilenetwork(03) / ... para top(01)
Mensaje D / 00:00:40:000 / top(01) / 00:00:01:000 para Root(00)
Mensaje * / 00:00:41:000 / Root(00) para top(01)
Mensaje * / 00:00:41:000 / top(01) para simcard(02)
Mensaje Y / 00:00:41:000 / simcard(02) / sres_2 /     19.00000 para top(01)
Mensaje D / 00:00:41:000 / simcard(02) / ... para top(01)
Mensaje X / 00:00:41:000 / top(01) / sres_2 /     19.00000 para mobilenetwork(03)
Mensaje X / 00:00:41:000 / mobilenetwork(03) / sres_2 /     19.00000 para mobileswitchingcenter(05)
Mensaje D / 00:00:41:000 / mobileswitchingcenter(05) / 00:00:00:000 para mobilenetwork(03)
Mensaje D / 00:00:41:000 / mobilenetwork(03) / 00:00:00:000 para top(01)
Mensaje D / 00:00:41:000 / top(01) / 00:00:00:000 para Root(00)
Mensaje * / 00:00:41:000 / Root(00) para top(01)
Mensaje * / 00:00:41:000 / top(01) para mobilenetwork(03)
Mensaje * / 00:00:41:000 / mobilenetwork(03) para mobileswitchingcenter(05)
Mensaje Y / 00:00:41:000 / mobileswitchingcenter(05) / ok /      1.00000 para mobilenetwork(03)
Mensaje D / 00:00:41:000 / mobileswitchingcenter(05) / ... para mobilenetwork(03)
Mensaje Y / 00:00:41:000 / mobilenetwork(03) / ok /      1.00000 para top(01)
Mensaje D / 00:00:41:000 / mobilenetwork(03) / ... para top(01)
Mensaje Y / 00:00:41:000 / top(01) / ok /      1.00000 para Root(00)
Mensaje D / 00:00:41:000 / top(01) / ... para Root(00)
Mensaje X / 00:00:45:000 / Root(00) / on /     10.00000 para top(01)
Mensaje X / 00:00:45:000 / top(01) / on /     10.00000 para simcard(02)
Mensaje D / 00:00:45:000 / simcard(02) / 00:00:03:000 para top(01)
Mensaje D / 00:00:45:000 / top(01) / 00:00:03:000 para Root(00)
Mensaje * / 00:00:48:000 / Root(00) para top(01)
Mensaje * / 00:00:48:000 / top(01) para simcard(02)
Mensaje Y / 00:00:48:000 / simcard(02) / id /     10.00000 para top(01)
Mensaje D / 00:00:48:000 / simcard(02) / ... para top(01)
Mensaje X / 00:00:48:000 / top(01) / id /     10.00000 para mobilenetwork(03)
Mensaje X / 00:00:48:000 / mobilenetwork(03) / id /     10.00000 para accesscontrol(04)
Mensaje D / 00:00:48:000 / accesscontrol(04) / 00:00:00:000 para mobilenetwork(03)
Mensaje D / 00:00:48:000 / mobilenetwork(03) / 00:00:00:000 para top(01)
Mensaje D / 00:00:48:000 / top(01) / 00:00:00:000 para Root(00)
Mensaje * / 00:00:48:000 / Root(00) para top(01)
Mensaje * / 00:00:48:000 / top(01) para mobilenetwork(03)
Mensaje * / 00:00:48:000 / mobilenetwork(03) para accesscontrol(04)
Mensaje Y / 00:00:48:000 / accesscontrol(04) / rand /    103.00000 para mobilenetwork(03)
Mensaje Y / 00:00:48:000 / accesscontrol(04) / sres_1 /      0.00000 para mobilenetwork(03)
Mensaje D / 00:00:48:000 / accesscontrol(04) / ... para mobilenetwork(03)
Mensaje Y / 00:00:48:000 / mobilenetwork(03) / rand /    103.00000 para top(01)
Mensaje X / 00:00:48:000 / mobilenetwork(03) / sres_1 /      0.00000 para mobileswitchingcenter(05)
Mensaje X / 00:00:48:000 / top(01) / rand /    103.00000 para simcard(02)
Mensaje D / 00:00:48:000 / mobileswitchingcenter(05) / ... para mobilenetwork(03)
Mensaje D / 00:00:48:000 / simcard(02) / 00:00:03:000 para top(01)
Mensaje D / 00:00:48:000 / mobilenetwork(03) / ... para top(01)
Mensaje D / 00:00:48:000 / top(01) / 00:00:03:000 para Root(00)
Mensaje * / 00:00:51:000 / Root(00) para top(01)
Mensaje * / 00:00:51:000 / top(01) para simcard(02)
Mensaje Y / 00:00:51:000 / simcard(02) / sres_2 /    113.00000 para top(01)
Mensaje D / 00:00:51:000 / simcard(02) / ... para top(01)
Mensaje X / 00:00:51:000 / top(01) / sres_2 /    113.00000 para mobilenetwork(03)
Mensaje X / 00:00:51:000 / mobilenetwork(03) / sres_2 /    113.00000 para mobileswitchingcenter(05)
Mensaje D / 00:00:51:000 / mobileswitchingcenter(05) / 00:00:00:000 para mobilenetwork(03)
Mensaje D / 00:00:51:000 / mobilenetwork(03) / 00:00:00:000 para top(01)
Mensaje D / 00:00:51:000 / top(01) / 00:00:00:000 para Root(00)
Mensaje * / 00:00:51:000 / Root(00) para top(01)
Mensaje * / 00:00:51:000 / top(01) para mobilenetwork(03)
Mensaje * / 00:00:51:000 / mobilenetwork(03) para mobileswitchingcenter(05)
Mensaje Y / 00:00:51:000 / mobileswitchingcenter(05) / ok /      0.00000 para mobilenetwork(03)
Mensaje D / 00:00:51:000 / mobileswitchingcenter(05) / ... para mobilenetwork(03)
Mensaje Y / 00:00:51:000 / mobilenetwork(03) / ok /      0.00000 para top(01)
Mensaje D / 00:00:51:000 / mobilenetwork(03) / ... para top(01)
Mensaje Y / 00:00:51:000 / top(01) / ok /      0.00000 para Root(00)
Mensaje D / 00:00:51:000 / top(01) / ... para Root(00)
