Mensaje I / 00:00:00:000 / Root(00) para top(01)
Mensaje I / 00:00:00:000 / top(01) para accesscontrol(02)
Mensaje I / 00:00:00:000 / top(01) para mobileswitchingcenter(03)
Mensaje D / 00:00:00:000 / accesscontrol(02) / ... para top(01)
Mensaje D / 00:00:00:000 / mobileswitchingcenter(03) / ... para top(01)
Mensaje D / 00:00:00:000 / top(01) / ... para Root(00)
Mensaje X / 00:00:10:000 / Root(00) / maxvalidid /     27.00000 para top(01)
Mensaje X / 00:00:10:000 / top(01) / maxvalidid /     27.00000 para accesscontrol(02)
Mensaje D / 00:00:10:000 / accesscontrol(02) / ... para top(01)
Mensaje D / 00:00:10:000 / top(01) / ... para Root(00)
Mensaje X / 00:00:15:000 / Root(00) / sres_2 /     43.00000 para top(01)
Mensaje X / 00:00:15:000 / top(01) / sres_2 /     43.00000 para mobileswitchingcenter(03)
Mensaje D / 00:00:15:000 / mobileswitchingcenter(03) / ... para top(01)
Mensaje D / 00:00:15:000 / top(01) / ... para Root(00)
Mensaje X / 00:00:20:000 / Root(00) / id /     14.00000 para top(01)
Mensaje X / 00:00:20:000 / top(01) / id /     14.00000 para accesscontrol(02)
Mensaje D / 00:00:20:000 / accesscontrol(02) / 00:00:00:000 para top(01)
Mensaje D / 00:00:20:000 / top(01) / 00:00:00:000 para Root(00)
Mensaje * / 00:00:20:000 / Root(00) para top(01)
Mensaje * / 00:00:20:000 / top(01) para accesscontrol(02)
Mensaje Y / 00:00:20:000 / accesscontrol(02) / rand /     98.00000 para top(01)
Mensaje Y / 00:00:20:000 / accesscontrol(02) / sres_1 /    112.00000 para top(01)
Mensaje D / 00:00:20:000 / accesscontrol(02) / ... para top(01)
Mensaje Y / 00:00:20:000 / top(01) / rand /     98.00000 para Root(00)
Mensaje X / 00:00:20:000 / top(01) / sres_1 /    112.00000 para mobileswitchingcenter(03)
Mensaje D / 00:00:20:000 / mobileswitchingcenter(03) / ... para top(01)
Mensaje D / 00:00:20:000 / top(01) / ... para Root(00)
Mensaje X / 00:00:23:000 / Root(00) / sres_2 /    112.00000 para top(01)
Mensaje X / 00:00:23:000 / top(01) / sres_2 /    112.00000 para mobileswitchingcenter(03)
Mensaje D / 00:00:23:000 / mobileswitchingcenter(03) / 00:00:00:000 para top(01)
Mensaje D / 00:00:23:000 / top(01) / 00:00:00:000 para Root(00)
Mensaje * / 00:00:23:000 / Root(00) para top(01)
Mensaje * / 00:00:23:000 / top(01) para mobileswitchingcenter(03)
Mensaje Y / 00:00:23:000 / mobileswitchingcenter(03) / ok /      1.00000 para top(01)
Mensaje D / 00:00:23:000 / mobileswitchingcenter(03) / ... para top(01)
Mensaje Y / 00:00:23:000 / top(01) / ok /      1.00000 para Root(00)
Mensaje D / 00:00:23:000 / top(01) / ... para Root(00)
Mensaje X / 00:00:30:000 / Root(00) / id /     25.00000 para top(01)
Mensaje X / 00:00:30:000 / top(01) / id /     25.00000 para accesscontrol(02)
Mensaje D / 00:00:30:000 / accesscontrol(02) / 00:00:00:000 para top(01)
Mensaje D / 00:00:30:000 / top(01) / 00:00:00:000 para Root(00)
Mensaje * / 00:00:30:000 / Root(00) para top(01)
Mensaje * / 00:00:30:000 / top(01) para accesscontrol(02)
Mensaje Y / 00:00:30:000 / accesscontrol(02) / rand /     20.00000 para top(01)
Mensaje Y / 00:00:30:000 / accesscontrol(02) / sres_1 /     45.00000 para top(01)
Mensaje D / 00:00:30:000 / accesscontrol(02) / ... para top(01)
Mensaje Y / 00:00:30:000 / top(01) / rand /     20.00000 para Root(00)
Mensaje X / 00:00:30:000 / top(01) / sres_1 /     45.00000 para mobileswitchingcenter(03)
Mensaje D / 00:00:30:000 / mobileswitchingcenter(03) / ... para top(01)
Mensaje D / 00:00:30:000 / top(01) / ... para Root(00)
Mensaje X / 00:00:33:000 / Root(00) / sres_2 /     45.00000 para top(01)
Mensaje X / 00:00:33:000 / top(01) / sres_2 /     45.00000 para mobileswitchingcenter(03)
Mensaje D / 00:00:33:000 / mobileswitchingcenter(03) / 00:00:00:000 para top(01)
Mensaje D / 00:00:33:000 / top(01) / 00:00:00:000 para Root(00)
Mensaje * / 00:00:33:000 / Root(00) para top(01)
Mensaje * / 00:00:33:000 / top(01) para mobileswitchingcenter(03)
Mensaje Y / 00:00:33:000 / mobileswitchingcenter(03) / ok /      1.00000 para top(01)
Mensaje D / 00:00:33:000 / mobileswitchingcenter(03) / ... para top(01)
Mensaje Y / 00:00:33:000 / top(01) / ok /      1.00000 para Root(00)
Mensaje D / 00:00:33:000 / top(01) / ... para Root(00)
Mensaje X / 00:00:45:000 / Root(00) / id /     15.00000 para top(01)
Mensaje X / 00:00:45:000 / top(01) / id /     15.00000 para accesscontrol(02)
Mensaje D / 00:00:45:000 / accesscontrol(02) / 00:00:00:000 para top(01)
Mensaje D / 00:00:45:000 / top(01) / 00:00:00:000 para Root(00)
Mensaje * / 00:00:45:000 / Root(00) para top(01)
Mensaje * / 00:00:45:000 / top(01) para accesscontrol(02)
Mensaje Y / 00:00:45:000 / accesscontrol(02) / rand /      4.00000 para top(01)
Mensaje Y / 00:00:45:000 / accesscontrol(02) / sres_1 /     19.00000 para top(01)
Mensaje D / 00:00:45:000 / accesscontrol(02) / ... para top(01)
Mensaje Y / 00:00:45:000 / top(01) / rand /      4.00000 para Root(00)
Mensaje X / 00:00:45:000 / top(01) / sres_1 /     19.00000 para mobileswitchingcenter(03)
Mensaje D / 00:00:45:000 / mobileswitchingcenter(03) / ... para top(01)
Mensaje D / 00:00:45:000 / top(01) / ... para Root(00)
Mensaje X / 00:00:50:000 / Root(00) / id /     10.00000 para top(01)
Mensaje X / 00:00:50:000 / top(01) / id /     10.00000 para accesscontrol(02)
Mensaje D / 00:00:50:000 / accesscontrol(02) / 00:00:00:000 para top(01)
Mensaje D / 00:00:50:000 / top(01) / 00:00:00:000 para Root(00)
Mensaje * / 00:00:50:000 / Root(00) para top(01)
Mensaje * / 00:00:50:000 / top(01) para accesscontrol(02)
Mensaje Y / 00:00:50:000 / accesscontrol(02) / rand /    103.00000 para top(01)
Mensaje Y / 00:00:50:000 / accesscontrol(02) / sres_1 /    113.00000 para top(01)
Mensaje D / 00:00:50:000 / accesscontrol(02) / ... para top(01)
Mensaje Y / 00:00:50:000 / top(01) / rand /    103.00000 para Root(00)
Mensaje X / 00:00:50:000 / top(01) / sres_1 /    113.00000 para mobileswitchingcenter(03)
Mensaje D / 00:00:50:000 / mobileswitchingcenter(03) / 00:00:00:000 para top(01)
Mensaje D / 00:00:50:000 / top(01) / 00:00:00:000 para Root(00)
Mensaje * / 00:00:50:000 / Root(00) para top(01)
Mensaje * / 00:00:50:000 / top(01) para mobileswitchingcenter(03)
Mensaje Y / 00:00:50:000 / mobileswitchingcenter(03) / ok /      0.00000 para top(01)
Mensaje D / 00:00:50:000 / mobileswitchingcenter(03) / ... para top(01)
Mensaje Y / 00:00:50:000 / top(01) / ok /      0.00000 para Root(00)
Mensaje D / 00:00:50:000 / top(01) / ... para Root(00)
Mensaje X / 00:00:52:000 / Root(00) / sres_2 /    113.00000 para top(01)
Mensaje X / 00:00:52:000 / top(01) / sres_2 /    113.00000 para mobileswitchingcenter(03)
Mensaje D / 00:00:52:000 / mobileswitchingcenter(03) / 00:00:00:000 para top(01)
Mensaje D / 00:00:52:000 / top(01) / 00:00:00:000 para Root(00)
Mensaje * / 00:00:52:000 / Root(00) para top(01)
Mensaje * / 00:00:52:000 / top(01) para mobileswitchingcenter(03)
Mensaje Y / 00:00:52:000 / mobileswitchingcenter(03) / ok /      1.00000 para top(01)
Mensaje D / 00:00:52:000 / mobileswitchingcenter(03) / ... para top(01)
Mensaje Y / 00:00:52:000 / top(01) / ok /      1.00000 para Root(00)
Mensaje D / 00:00:52:000 / top(01) / ... para Root(00)
Mensaje X / 00:00:55:000 / Root(00) / sres_2 /     46.00000 para top(01)
Mensaje X / 00:00:55:000 / top(01) / sres_2 /     46.00000 para mobileswitchingcenter(03)
Mensaje D / 00:00:55:000 / mobileswitchingcenter(03) / ... para top(01)
Mensaje D / 00:00:55:000 / top(01) / ... para Root(00)
Mensaje X / 00:01:00:000 / Root(00) / maxvalidid /     15.00000 para top(01)
Mensaje X / 00:01:00:000 / top(01) / maxvalidid /     15.00000 para accesscontrol(02)
Mensaje D / 00:01:00:000 / accesscontrol(02) / ... para top(01)
Mensaje D / 00:01:00:000 / top(01) / ... para Root(00)
Mensaje X / 00:01:20:000 / Root(00) / id /     20.00000 para top(01)
Mensaje X / 00:01:20:000 / top(01) / id /     20.00000 para accesscontrol(02)
Mensaje D / 00:01:20:000 / accesscontrol(02) / 00:00:00:000 para top(01)
Mensaje D / 00:01:20:000 / top(01) / 00:00:00:000 para Root(00)
Mensaje * / 00:01:20:000 / Root(00) para top(01)
Mensaje * / 00:01:20:000 / top(01) para accesscontrol(02)
Mensaje Y / 00:01:20:000 / accesscontrol(02) / rand /     18.00000 para top(01)
Mensaje Y / 00:01:20:000 / accesscontrol(02) / sres_1 /      0.00000 para top(01)
Mensaje D / 00:01:20:000 / accesscontrol(02) / ... para top(01)
Mensaje Y / 00:01:20:000 / top(01) / rand /     18.00000 para Root(00)
Mensaje X / 00:01:20:000 / top(01) / sres_1 /      0.00000 para mobileswitchingcenter(03)
Mensaje D / 00:01:20:000 / mobileswitchingcenter(03) / ... para top(01)
Mensaje D / 00:01:20:000 / top(01) / ... para Root(00)
Mensaje X / 00:01:23:000 / Root(00) / sres_2 /     47.00000 para top(01)
Mensaje X / 00:01:23:000 / top(01) / sres_2 /     47.00000 para mobileswitchingcenter(03)
Mensaje D / 00:01:23:000 / mobileswitchingcenter(03) / 00:00:00:000 para top(01)
Mensaje D / 00:01:23:000 / top(01) / 00:00:00:000 para Root(00)
Mensaje * / 00:01:23:000 / Root(00) para top(01)
Mensaje * / 00:01:23:000 / top(01) para mobileswitchingcenter(03)
Mensaje Y / 00:01:23:000 / mobileswitchingcenter(03) / ok /      0.00000 para top(01)
Mensaje D / 00:01:23:000 / mobileswitchingcenter(03) / ... para top(01)
Mensaje Y / 00:01:23:000 / top(01) / ok /      0.00000 para Root(00)
Mensaje D / 00:01:23:000 / top(01) / ... para Root(00)
