Mensaje I / 00:00:00:000 / Root(00) para top(01)
Mensaje I / 00:00:00:000 / top(01) para mobileswitchingcenter(02)
Mensaje D / 00:00:00:000 / mobileswitchingcenter(02) / ... para top(01)
Mensaje D / 00:00:00:000 / top(01) / ... para Root(00)
Mensaje X / 00:00:10:000 / Root(00) / sres_1 /     12.00000 para top(01)
Mensaje X / 00:00:10:000 / top(01) / sres_1 /     12.00000 para mobileswitchingcenter(02)
Mensaje D / 00:00:10:000 / mobileswitchingcenter(02) / ... para top(01)
Mensaje D / 00:00:10:000 / top(01) / ... para Root(00)
Mensaje X / 00:00:30:000 / Root(00) / sres_2 /     21.00000 para top(01)
Mensaje X / 00:00:30:000 / top(01) / sres_2 /     21.00000 para mobileswitchingcenter(02)
Mensaje D / 00:00:30:000 / mobileswitchingcenter(02) / 00:00:00:000 para top(01)
Mensaje D / 00:00:30:000 / top(01) / 00:00:00:000 para Root(00)
Mensaje * / 00:00:30:000 / Root(00) para top(01)
Mensaje * / 00:00:30:000 / top(01) para mobileswitchingcenter(02)
Mensaje Y / 00:00:30:000 / mobileswitchingcenter(02) / ok /      0.00000 para top(01)
Mensaje D / 00:00:30:000 / mobileswitchingcenter(02) / ... para top(01)
Mensaje Y / 00:00:30:000 / top(01) / ok /      0.00000 para Root(00)
Mensaje D / 00:00:30:000 / top(01) / ... para Root(00)
Mensaje X / 00:00:45:000 / Root(00) / sres_1 /     15.00000 para top(01)
Mensaje X / 00:00:45:000 / top(01) / sres_1 /     15.00000 para mobileswitchingcenter(02)
Mensaje D / 00:00:45:000 / mobileswitchingcenter(02) / ... para top(01)
Mensaje D / 00:00:45:000 / top(01) / ... para Root(00)
Mensaje X / 00:01:00:000 / Root(00) / sres_2 /     15.00000 para top(01)
Mensaje X / 00:01:00:000 / top(01) / sres_2 /     15.00000 para mobileswitchingcenter(02)
Mensaje D / 00:01:00:000 / mobileswitchingcenter(02) / 00:00:00:000 para top(01)
Mensaje D / 00:01:00:000 / top(01) / 00:00:00:000 para Root(00)
Mensaje * / 00:01:00:000 / Root(00) para top(01)
Mensaje * / 00:01:00:000 / top(01) para mobileswitchingcenter(02)
Mensaje Y / 00:01:00:000 / mobileswitchingcenter(02) / ok /      1.00000 para top(01)
Mensaje D / 00:01:00:000 / mobileswitchingcenter(02) / ... para top(01)
Mensaje Y / 00:01:00:000 / top(01) / ok /      1.00000 para Root(00)
Mensaje D / 00:01:00:000 / top(01) / ... para Root(00)
Mensaje X / 00:01:05:000 / Root(00) / sres_1 /     10.00000 para top(01)
Mensaje X / 00:01:05:000 / top(01) / sres_1 /     10.00000 para mobileswitchingcenter(02)
Mensaje D / 00:01:05:000 / mobileswitchingcenter(02) / ... para top(01)
Mensaje D / 00:01:05:000 / top(01) / ... para Root(00)
Mensaje X / 00:01:25:000 / Root(00) / sres_1 /     19.00000 para top(01)
Mensaje X / 00:01:25:000 / top(01) / sres_1 /     19.00000 para mobileswitchingcenter(02)
Mensaje D / 00:01:25:000 / mobileswitchingcenter(02) / 00:00:00:000 para top(01)
Mensaje D / 00:01:25:000 / top(01) / 00:00:00:000 para Root(00)
Mensaje * / 00:01:25:000 / Root(00) para top(01)
Mensaje * / 00:01:25:000 / top(01) para mobileswitchingcenter(02)
Mensaje Y / 00:01:25:000 / mobileswitchingcenter(02) / ok /      0.00000 para top(01)
Mensaje D / 00:01:25:000 / mobileswitchingcenter(02) / ... para top(01)
Mensaje Y / 00:01:25:000 / top(01) / ok /      0.00000 para Root(00)
Mensaje D / 00:01:25:000 / top(01) / ... para Root(00)
Mensaje X / 00:01:30:000 / Root(00) / sres_2 /     19.00000 para top(01)
Mensaje X / 00:01:30:000 / top(01) / sres_2 /     19.00000 para mobileswitchingcenter(02)
Mensaje D / 00:01:30:000 / mobileswitchingcenter(02) / 00:00:00:000 para top(01)
Mensaje D / 00:01:30:000 / top(01) / 00:00:00:000 para Root(00)
Mensaje * / 00:01:30:000 / Root(00) para top(01)
Mensaje * / 00:01:30:000 / top(01) para mobileswitchingcenter(02)
Mensaje Y / 00:01:30:000 / mobileswitchingcenter(02) / ok /      1.00000 para top(01)
Mensaje D / 00:01:30:000 / mobileswitchingcenter(02) / ... para top(01)
Mensaje Y / 00:01:30:000 / top(01) / ok /      1.00000 para Root(00)
Mensaje D / 00:01:30:000 / top(01) / ... para Root(00)
Mensaje X / 00:01:35:000 / Root(00) / sres_2 /     24.00000 para top(01)
Mensaje X / 00:01:35:000 / top(01) / sres_2 /     24.00000 para mobileswitchingcenter(02)
Mensaje D / 00:01:35:000 / mobileswitchingcenter(02) / ... para top(01)
Mensaje D / 00:01:35:000 / top(01) / ... para Root(00)
Mensaje X / 00:01:45:000 / Root(00) / sres_1 /     50.00000 para top(01)
Mensaje X / 00:01:45:000 / top(01) / sres_1 /     50.00000 para mobileswitchingcenter(02)
Mensaje D / 00:01:45:000 / mobileswitchingcenter(02) / ... para top(01)
Mensaje D / 00:01:45:000 / top(01) / ... para Root(00)
Mensaje X / 00:01:55:000 / Root(00) / sres_2 /     50.00000 para top(01)
Mensaje X / 00:01:55:000 / top(01) / sres_2 /     50.00000 para mobileswitchingcenter(02)
Mensaje D / 00:01:55:000 / mobileswitchingcenter(02) / 00:00:00:000 para top(01)
Mensaje D / 00:01:55:000 / top(01) / 00:00:00:000 para Root(00)
Mensaje * / 00:01:55:000 / Root(00) para top(01)
Mensaje * / 00:01:55:000 / top(01) para mobileswitchingcenter(02)
Mensaje Y / 00:01:55:000 / mobileswitchingcenter(02) / ok /      1.00000 para top(01)
Mensaje D / 00:01:55:000 / mobileswitchingcenter(02) / ... para top(01)
Mensaje Y / 00:01:55:000 / top(01) / ok /      1.00000 para Root(00)
Mensaje D / 00:01:55:000 / top(01) / ... para Root(00)
